********************************************************************************
*                      Sunday, August 14, 2016 8:07:03 PM                      *
********************************************************************************
CSharpCompilerWrapper.exe version: 1.9.2.0
Platform: Windows
Target assembly: Assembly-CSharp.dll
Project directory: C:\Users\Callum\Documents\UnityProjects\DragonTycoon
Unity 'Data' or 'Frameworks' directory: C:/Program Files/Unity/Editor/Data
Compiler: Microsoft C# 6.0

- Compilation -----------------------------------------------

Process: C:\Users\Callum\Documents\UnityProjects\DragonTycoon\CSharp60Support\Roslyn\csc.exe
Arguments: -nostdlib+ -noconfig -nologo -r:"C:/Program Files/Unity/Editor/Data\Mono/lib/mono/2.0/mscorlib.dll" -r:"C:/Program Files/Unity/Editor/Data\Mono/lib/mono/2.0/System.dll" -r:"C:/Program Files/Unity/Editor/Data\Mono/lib/mono/2.0/System.Core.dll" -r:"C:/Program Files/Unity/Editor/Data\Mono/lib/mono/2.0/System.Xml.dll" @Temp/UnityTempFile-b386addf52dd4b24f80dde20f824c6d0
Exit code: 0
Elapsed time: 0.34 sec

- Compiler output (0 lines):

- Compiler errors (1 line):
0: Assets\Gamelogic\HexGridEditor.cs(42,25): warning CS0649: Field 'HexGridEditor.colors' is never assigned to, and will always have its default value null

- PDB to MDB conversion --------------------------------------

Process: C:\Users\Callum\Documents\UnityProjects\DragonTycoon\CSharp60Support\Roslyn\pdb2mdb.exe
Arguments: Temp\Assembly-CSharp.dll
Exit code: 0
Elapsed time: 0.08 sec

- pdb2mdb.exe output (0 lines):
********************************************************************************
*                      Sunday, August 14, 2016 8:07:04 PM                      *
********************************************************************************
CSharpCompilerWrapper.exe version: 1.9.2.0
Platform: Windows
Target assembly: Assembly-CSharp-Editor.dll
Project directory: C:\Users\Callum\Documents\UnityProjects\DragonTycoon
Unity 'Data' or 'Frameworks' directory: C:/Program Files/Unity/Editor/Data
Compiler: Microsoft C# 6.0

- Compilation -----------------------------------------------

Process: C:\Users\Callum\Documents\UnityProjects\DragonTycoon\CSharp60Support\Roslyn\csc.exe
Arguments: -nostdlib+ -noconfig -nologo -r:"C:/Program Files/Unity/Editor/Data\Mono/lib/mono/2.0/mscorlib.dll" -r:"C:/Program Files/Unity/Editor/Data\Mono/lib/mono/2.0/System.dll" -r:"C:/Program Files/Unity/Editor/Data\Mono/lib/mono/2.0/System.Core.dll" -r:"C:/Program Files/Unity/Editor/Data\Mono/lib/mono/2.0/System.Xml.dll" @Temp/UnityTempFile-86e273e4c67a02e4d846f85278115fb8
Exit code: 0
Elapsed time: 0.24 sec

- Compiler output (0 lines):

- Compiler errors (0 lines):

- PDB to MDB conversion --------------------------------------

Process: C:\Users\Callum\Documents\UnityProjects\DragonTycoon\CSharp60Support\Roslyn\pdb2mdb.exe
Arguments: Temp\Assembly-CSharp-Editor.dll
Exit code: 0
Elapsed time: 0.06 sec

- pdb2mdb.exe output (0 lines):
********************************************************************************
*                      Sunday, August 14, 2016 8:07:25 PM                      *
********************************************************************************
CSharpCompilerWrapper.exe version: 1.9.2.0
Platform: Windows
Target assembly: Assembly-CSharp.dll
Project directory: C:\Users\Callum\Documents\UnityProjects\DragonTycoon
Unity 'Data' or 'Frameworks' directory: C:/Program Files/Unity/Editor/Data
Compiler: Microsoft C# 6.0

- Compilation -----------------------------------------------

Process: C:\Users\Callum\Documents\UnityProjects\DragonTycoon\CSharp60Support\Roslyn\csc.exe
Arguments: -nostdlib+ -noconfig -nologo -r:"C:/Program Files/Unity/Editor/Data\Mono/lib/mono/2.0/mscorlib.dll" -r:"C:/Program Files/Unity/Editor/Data\Mono/lib/mono/2.0/System.dll" -r:"C:/Program Files/Unity/Editor/Data\Mono/lib/mono/2.0/System.Core.dll" -r:"C:/Program Files/Unity/Editor/Data\Mono/lib/mono/2.0/System.Xml.dll" @Temp/UnityTempFile-ed4a1f209ab82e448aba8547eae2ab62
Exit code: 0
Elapsed time: 0.34 sec

- Compiler output (0 lines):

- Compiler errors (1 line):
0: Assets\Gamelogic\HexGridEditor.cs(42,25): warning CS0649: Field 'HexGridEditor.colors' is never assigned to, and will always have its default value null

- PDB to MDB conversion --------------------------------------

Process: C:\Users\Callum\Documents\UnityProjects\DragonTycoon\CSharp60Support\Roslyn\pdb2mdb.exe
Arguments: Temp\Assembly-CSharp.dll
Exit code: 0
Elapsed time: 0.08 sec

- pdb2mdb.exe output (0 lines):
********************************************************************************
*                      Sunday, August 14, 2016 8:07:26 PM                      *
********************************************************************************
CSharpCompilerWrapper.exe version: 1.9.2.0
Platform: Windows
Target assembly: Assembly-CSharp-Editor.dll
Project directory: C:\Users\Callum\Documents\UnityProjects\DragonTycoon
Unity 'Data' or 'Frameworks' directory: C:/Program Files/Unity/Editor/Data
Compiler: Microsoft C# 6.0

- Compilation -----------------------------------------------

Process: C:\Users\Callum\Documents\UnityProjects\DragonTycoon\CSharp60Support\Roslyn\csc.exe
Arguments: -nostdlib+ -noconfig -nologo -r:"C:/Program Files/Unity/Editor/Data\Mono/lib/mono/2.0/mscorlib.dll" -r:"C:/Program Files/Unity/Editor/Data\Mono/lib/mono/2.0/System.dll" -r:"C:/Program Files/Unity/Editor/Data\Mono/lib/mono/2.0/System.Core.dll" -r:"C:/Program Files/Unity/Editor/Data\Mono/lib/mono/2.0/System.Xml.dll" @Temp/UnityTempFile-0011c316ce2da9647a2aebfa87a25076
Exit code: 0
Elapsed time: 0.19 sec

- Compiler output (0 lines):

- Compiler errors (0 lines):

- PDB to MDB conversion --------------------------------------

Process: C:\Users\Callum\Documents\UnityProjects\DragonTycoon\CSharp60Support\Roslyn\pdb2mdb.exe
Arguments: Temp\Assembly-CSharp-Editor.dll
Exit code: 0
Elapsed time: 0.05 sec

- pdb2mdb.exe output (0 lines):
********************************************************************************
*                      Sunday, August 14, 2016 8:08:16 PM                      *
********************************************************************************
CSharpCompilerWrapper.exe version: 1.9.2.0
Platform: Windows
Target assembly: Assembly-CSharp.dll
Project directory: C:\Users\Callum\Documents\UnityProjects\DragonTycoon
Unity 'Data' or 'Frameworks' directory: C:/Program Files/Unity/Editor/Data
Compiler: Microsoft C# 6.0

- Compilation -----------------------------------------------

Process: C:\Users\Callum\Documents\UnityProjects\DragonTycoon\CSharp60Support\Roslyn\csc.exe
Arguments: -nostdlib+ -noconfig -nologo -r:"C:/Program Files/Unity/Editor/Data\Mono/lib/mono/2.0/mscorlib.dll" -r:"C:/Program Files/Unity/Editor/Data\Mono/lib/mono/2.0/System.dll" -r:"C:/Program Files/Unity/Editor/Data\Mono/lib/mono/2.0/System.Core.dll" -r:"C:/Program Files/Unity/Editor/Data\Mono/lib/mono/2.0/System.Xml.dll" @Temp/UnityTempFile-238aa0dd28b1bfa4a8f66019a61dde6c
Exit code: 0
Elapsed time: 0.36 sec

- Compiler output (0 lines):

- Compiler errors (1 line):
0: Assets\Gamelogic\HexGridEditor.cs(42,25): warning CS0649: Field 'HexGridEditor.colors' is never assigned to, and will always have its default value null

- PDB to MDB conversion --------------------------------------

Process: C:\Users\Callum\Documents\UnityProjects\DragonTycoon\CSharp60Support\Roslyn\pdb2mdb.exe
Arguments: Temp\Assembly-CSharp.dll
Exit code: 0
Elapsed time: 0.08 sec

- pdb2mdb.exe output (0 lines):
********************************************************************************
*                      Sunday, August 14, 2016 8:08:16 PM                      *
********************************************************************************
CSharpCompilerWrapper.exe version: 1.9.2.0
Platform: Windows
Target assembly: Assembly-CSharp-Editor.dll
Project directory: C:\Users\Callum\Documents\UnityProjects\DragonTycoon
Unity 'Data' or 'Frameworks' directory: C:/Program Files/Unity/Editor/Data
Compiler: Microsoft C# 6.0

- Compilation -----------------------------------------------

Process: C:\Users\Callum\Documents\UnityProjects\DragonTycoon\CSharp60Support\Roslyn\csc.exe
Arguments: -nostdlib+ -noconfig -nologo -r:"C:/Program Files/Unity/Editor/Data\Mono/lib/mono/2.0/mscorlib.dll" -r:"C:/Program Files/Unity/Editor/Data\Mono/lib/mono/2.0/System.dll" -r:"C:/Program Files/Unity/Editor/Data\Mono/lib/mono/2.0/System.Core.dll" -r:"C:/Program Files/Unity/Editor/Data\Mono/lib/mono/2.0/System.Xml.dll" @Temp/UnityTempFile-bee9e011d2d04d240b7e12b82257c0eb
Exit code: 0
Elapsed time: 0.20 sec

- Compiler output (0 lines):

- Compiler errors (0 lines):

- PDB to MDB conversion --------------------------------------

Process: C:\Users\Callum\Documents\UnityProjects\DragonTycoon\CSharp60Support\Roslyn\pdb2mdb.exe
Arguments: Temp\Assembly-CSharp-Editor.dll
Exit code: 0
Elapsed time: 0.05 sec

- pdb2mdb.exe output (0 lines):
********************************************************************************
*                      Sunday, August 14, 2016 8:09:16 PM                      *
********************************************************************************
CSharpCompilerWrapper.exe version: 1.9.2.0
Platform: Windows
Target assembly: Assembly-CSharp.dll
Project directory: C:\Users\Callum\Documents\UnityProjects\DragonTycoon
Unity 'Data' or 'Frameworks' directory: C:/Program Files/Unity/Editor/Data
Compiler: Microsoft C# 6.0

- Compilation -----------------------------------------------

Process: C:\Users\Callum\Documents\UnityProjects\DragonTycoon\CSharp60Support\Roslyn\csc.exe
Arguments: -nostdlib+ -noconfig -nologo -r:"C:/Program Files/Unity/Editor/Data\Mono/lib/mono/2.0/mscorlib.dll" -r:"C:/Program Files/Unity/Editor/Data\Mono/lib/mono/2.0/System.dll" -r:"C:/Program Files/Unity/Editor/Data\Mono/lib/mono/2.0/System.Core.dll" -r:"C:/Program Files/Unity/Editor/Data\Mono/lib/mono/2.0/System.Xml.dll" @Temp/UnityTempFile-2a0b8e551044dc0499cebadf91c4458c
Exit code: 0
Elapsed time: 0.32 sec

- Compiler output (0 lines):

- Compiler errors (1 line):
0: Assets\Gamelogic\HexGridEditor.cs(42,25): warning CS0649: Field 'HexGridEditor.colors' is never assigned to, and will always have its default value null

- PDB to MDB conversion --------------------------------------

Process: C:\Users\Callum\Documents\UnityProjects\DragonTycoon\CSharp60Support\Roslyn\pdb2mdb.exe
Arguments: Temp\Assembly-CSharp.dll
Exit code: 0
Elapsed time: 0.08 sec

- pdb2mdb.exe output (0 lines):
********************************************************************************
*                      Sunday, August 14, 2016 8:09:18 PM                      *
********************************************************************************
CSharpCompilerWrapper.exe version: 1.9.2.0
Platform: Windows
Target assembly: Assembly-CSharp.dll
Project directory: C:\Users\Callum\Documents\UnityProjects\DragonTycoon
Unity 'Data' or 'Frameworks' directory: C:/Program Files/Unity/Editor/Data
Compiler: Microsoft C# 6.0

- Compilation -----------------------------------------------

Process: C:\Users\Callum\Documents\UnityProjects\DragonTycoon\CSharp60Support\Roslyn\csc.exe
Arguments: -nostdlib+ -noconfig -nologo -r:"C:/Program Files/Unity/Editor/Data\Mono/lib/mono/2.0/mscorlib.dll" -r:"C:/Program Files/Unity/Editor/Data\Mono/lib/mono/2.0/System.dll" -r:"C:/Program Files/Unity/Editor/Data\Mono/lib/mono/2.0/System.Core.dll" -r:"C:/Program Files/Unity/Editor/Data\Mono/lib/mono/2.0/System.Xml.dll" @Temp/UnityTempFile-32babb0ffba58a64a9aa3a768c0b869b
Exit code: 0
Elapsed time: 0.33 sec

- Compiler output (0 lines):

- Compiler errors (1 line):
0: Assets\Gamelogic\HexGridEditor.cs(42,25): warning CS0649: Field 'HexGridEditor.colors' is never assigned to, and will always have its default value null

- PDB to MDB conversion --------------------------------------

Process: C:\Users\Callum\Documents\UnityProjects\DragonTycoon\CSharp60Support\Roslyn\pdb2mdb.exe
Arguments: Temp\Assembly-CSharp.dll
Exit code: 0
Elapsed time: 0.08 sec

- pdb2mdb.exe output (0 lines):
********************************************************************************
*                      Sunday, August 14, 2016 8:09:19 PM                      *
********************************************************************************
CSharpCompilerWrapper.exe version: 1.9.2.0
Platform: Windows
Target assembly: Assembly-CSharp-Editor.dll
Project directory: C:\Users\Callum\Documents\UnityProjects\DragonTycoon
Unity 'Data' or 'Frameworks' directory: C:/Program Files/Unity/Editor/Data
Compiler: Microsoft C# 6.0

- Compilation -----------------------------------------------

Process: C:\Users\Callum\Documents\UnityProjects\DragonTycoon\CSharp60Support\Roslyn\csc.exe
Arguments: -nostdlib+ -noconfig -nologo -r:"C:/Program Files/Unity/Editor/Data\Mono/lib/mono/2.0/mscorlib.dll" -r:"C:/Program Files/Unity/Editor/Data\Mono/lib/mono/2.0/System.dll" -r:"C:/Program Files/Unity/Editor/Data\Mono/lib/mono/2.0/System.Core.dll" -r:"C:/Program Files/Unity/Editor/Data\Mono/lib/mono/2.0/System.Xml.dll" @Temp/UnityTempFile-222e5521f6a47a44baee4b1d5cf4f3f2
Exit code: 0
Elapsed time: 0.18 sec

- Compiler output (0 lines):

- Compiler errors (0 lines):

- PDB to MDB conversion --------------------------------------

Process: C:\Users\Callum\Documents\UnityProjects\DragonTycoon\CSharp60Support\Roslyn\pdb2mdb.exe
Arguments: Temp\Assembly-CSharp-Editor.dll
Exit code: 0
Elapsed time: 0.05 sec

- pdb2mdb.exe output (0 lines):
